TITLE : Q4 pure shear patch
        (18:28:8 on June 10, 2026, Wednesday)

C O N T R O L   I N F O R M A T I O N

      NUMBER OF NODAL POINTS . . . . . . . . . . (NUMNP)  =     9
      NUMBER OF ELEMENT GROUPS . . . . . . . . . (NUMEG)  =     1
      NUMBER OF LOAD CASES . . . . . . . . . . . (NLCASE) =     1
      SOLUTION MODE  . . . . . . . . . . . . . . (MODEX)  =     1
         EQ.0, DATA CHECK
         EQ.1, EXECUTION

 N O D A L   P O I N T   D A T A

    NODE       BOUNDARY                         NODAL POINT
   NUMBER  CONDITION  CODES                     COORDINATES
        1    1    1    1       0.00000e+00    0.00000e+00    0.00000e+00
        2    1    1    1       5.00000e-01    0.00000e+00    0.00000e+00
        3    1    1    1       1.00000e+00    0.00000e+00    0.00000e+00
        4    0    1    1       0.00000e+00    5.00000e-01    0.00000e+00
        5    0    1    1       5.00000e-01    5.00000e-01    0.00000e+00
        6    0    1    1       1.00000e+00    5.00000e-01    0.00000e+00
        7    0    1    1       0.00000e+00    1.00000e+00    0.00000e+00
        8    0    1    1       5.00000e-01    1.00000e+00    0.00000e+00
        9    0    1    1       1.00000e+00    1.00000e+00    0.00000e+00

 EQUATION NUMBERS

   NODE NUMBER   DEGREES OF FREEDOM
        N           X    Y    Z
        1           0    0    0
        2           0    0    0
        3           0    0    0
        4           1    0    0
        5           2    0    0
        6           3    0    0
        7           4    0    0
        8           5    0    0
        9           6    0    0

 L O A D   C A S E   D A T A

     LOAD CASE NUMBER . . . . . . . =     1
     NUMBER OF CONCENTRATED LOADS . =     3

    NODE       DIRECTION      LOAD
   NUMBER                   MAGNITUDE
      7            1        2.50000e-01
      8            1        5.00000e-01
      9            1        2.50000e-01

 E L E M E N T   G R O U P   D A T A


 E L E M E N T   D E F I N I T I O N

 ELEMENT TYPE  . . . . . . . . . . . . .( NPAR(1) ) . . =    2
     EQ.1, TRUSS ELEMENTS
     EQ.2, Q4 PLANE STRESS/STRAIN ELEMENTS
     EQ.3+, NOT AVAILABLE

 NUMBER OF ELEMENTS. . . . . . . . . . .( NPAR(2) ) . . =    4

 M A T E R I A L   D E F I N I T I O N

 NUMBER OF DIFFERENT SETS OF MATERIAL
 AND PLANE Q4 CONSTANTS . . . . . . . .( NPAR(3) ) . . =    1

  SET       YOUNG'S        POISSON      THICKNESS   ANALYSIS
 NUMBER     MODULUS         RATIO                    TYPE
               E             NU            T       0=PS 1=PE
    1     1.00000e+03     2.50000e-01     1.00000e+00         0


 E L E M E N T   I N F O R M A T I O N
 ELEMENT     NODE     NODE     NODE     NODE       MATERIAL
 NUMBER-N      I        J        K        L       SET NUMBER
    1          1        2        5        4           1
    2          2        3        6        5           1
    3          4        5        8        7           1
    4          5        6        9        8           1

	TOTAL SYSTEM DATA

     NUMBER OF EQUATIONS . . . . . . . . . . . . . .(NEQ) = 6
     NUMBER OF MATRIX ELEMENTS . . . . . . . . . . .(NWK) = 19
     MAXIMUM HALF BANDWIDTH  . . . . . . . . . . . .(MK ) = 5
     MEAN HALF BANDWIDTH . . . . . . . . . . . . . .(MM ) = 3


 LOAD CASE    1


 D I S P L A C E M E N T S

  NODE           X-DISPLACEMENT    Y-DISPLACEMENT    Z-DISPLACEMENT
    1               0.00000e+00       0.00000e+00       0.00000e+00
    2               0.00000e+00       0.00000e+00       0.00000e+00
    3               0.00000e+00       0.00000e+00       0.00000e+00
    4               1.25000e-03       0.00000e+00       0.00000e+00
    5               1.25000e-03       0.00000e+00       0.00000e+00
    6               1.25000e-03       0.00000e+00       0.00000e+00
    7               2.50000e-03       0.00000e+00       0.00000e+00
    8               2.50000e-03       0.00000e+00       0.00000e+00
    9               2.50000e-03       0.00000e+00       0.00000e+00

 S T R E S S  C A L C U L A T I O N S  F O R  E L E M E N T  G R O U P    1

  ELEMENT    GP             SIGMA_X           SIGMA_Y            TAU_XY
      1     1         7.61618e-17       1.90404e-17       1.00000e+00
      1     2         7.61618e-17       1.90404e-17       1.00000e+00
      1     3         4.18813e-16       1.04703e-16       1.00000e+00
      1     4         4.18813e-16       1.04703e-16       1.00000e+00
      2     1        -5.39771e-17      -1.34943e-17       1.00000e+00
      2     2        -5.39771e-17      -1.34943e-17       1.00000e+00
      2     3        -4.08616e-16      -1.02154e-16       1.00000e+00
      2     4        -4.08616e-16      -1.02154e-16       1.00000e+00
      3     1         1.52324e-16       3.80809e-17       1.00000e+00
      3     2         1.52324e-16       3.80809e-17       1.00000e+00
      3     3        -1.01275e-15      -2.53187e-16       1.00000e+00
      3     4        -1.01275e-15      -2.53187e-16       1.00000e+00
      4     1         5.17788e-17       1.29447e-17       1.00000e+00
      4     2         5.17788e-17       1.29447e-17       1.00000e+00
      4     3         1.56730e-15       3.91824e-16       1.00000e+00
      4     4         1.56730e-15       3.91824e-16       1.00000e+00


 S O L U T I O N   T I M E   L O G   I N   S E C

     TIME FOR INPUT PHASE = 7.68000e-04
     TIME FOR CALCULATION OF STIFFNESS MATRIX = 6.80000e-05
     TIME FOR FACTORIZATION AND LOAD CASE SOLUTIONS = 2.34000e-04

     T O T A L   S O L U T I O N   T I M E = 1.07000e-03
