TITLE : Q4 q4_patch_single constant stress patch
        (17:39:50 on June 10, 2026, Wednesday)

C O N T R O L   I N F O R M A T I O N

      NUMBER OF NODAL POINTS . . . . . . . . . . (NUMNP)  =     4
      NUMBER OF ELEMENT GROUPS . . . . . . . . . (NUMEG)  =     1
      NUMBER OF LOAD CASES . . . . . . . . . . . (NLCASE) =     1
      SOLUTION MODE  . . . . . . . . . . . . . . (MODEX)  =     1
         EQ.0, DATA CHECK
         EQ.1, EXECUTION

 N O D A L   P O I N T   D A T A

    NODE       BOUNDARY                         NODAL POINT
   NUMBER  CONDITION  CODES                     COORDINATES
        1    1    1    1       0.00000e+00    0.00000e+00    0.00000e+00
        2    0    0    1       1.00000e+00    0.00000e+00    0.00000e+00
        3    1    0    1       0.00000e+00    1.00000e+00    0.00000e+00
        4    0    0    1       1.00000e+00    1.00000e+00    0.00000e+00

 EQUATION NUMBERS

   NODE NUMBER   DEGREES OF FREEDOM
        N           X    Y    Z
        1           0    0    0
        2           1    2    0
        3           0    3    0
        4           4    5    0

 L O A D   C A S E   D A T A

     LOAD CASE NUMBER . . . . . . . =     1
     NUMBER OF CONCENTRATED LOADS . =     2

    NODE       DIRECTION      LOAD
   NUMBER                   MAGNITUDE
      2            1        5.00000e-01
      4            1        5.00000e-01

 E L E M E N T   G R O U P   D A T A


 E L E M E N T   D E F I N I T I O N

 ELEMENT TYPE  . . . . . . . . . . . . .( NPAR(1) ) . . =    2
     EQ.1, TRUSS ELEMENTS
     EQ.2, Q4 PLANE STRESS/STRAIN ELEMENTS
     EQ.3+, NOT AVAILABLE

 NUMBER OF ELEMENTS. . . . . . . . . . .( NPAR(2) ) . . =    1

 M A T E R I A L   D E F I N I T I O N

 NUMBER OF DIFFERENT SETS OF MATERIAL
 AND PLANE Q4 CONSTANTS . . . . . . . .( NPAR(3) ) . . =    1

  SET       YOUNG'S        POISSON      THICKNESS   ANALYSIS
 NUMBER     MODULUS         RATIO                    TYPE
               E             NU            T       0=PS 1=PE
    1     1.00000e+03     2.50000e-01     1.00000e+00         0


 E L E M E N T   I N F O R M A T I O N
 ELEMENT     NODE     NODE     NODE     NODE       MATERIAL
 NUMBER-N      I        J        K        L       SET NUMBER
    1          1        2        4        3           1

	TOTAL SYSTEM DATA

     NUMBER OF EQUATIONS . . . . . . . . . . . . . .(NEQ) = 5
     NUMBER OF MATRIX ELEMENTS . . . . . . . . . . .(NWK) = 15
     MAXIMUM HALF BANDWIDTH  . . . . . . . . . . . .(MK ) = 5
     MEAN HALF BANDWIDTH . . . . . . . . . . . . . .(MM ) = 3


 LOAD CASE    1


 D I S P L A C E M E N T S

  NODE           X-DISPLACEMENT    Y-DISPLACEMENT    Z-DISPLACEMENT
    1               0.00000e+00       0.00000e+00       0.00000e+00
    2               1.00000e-03       2.02044e-19       0.00000e+00
    3               0.00000e+00      -2.50000e-04       0.00000e+00
    4               1.00000e-03      -2.50000e-04       0.00000e+00

 S T R E S S  C A L C U L A T I O N S  F O R  E L E M E N T  G R O U P    1

  ELEMENT    GP             SIGMA_X           SIGMA_Y            TAU_XY
      1     1         1.00000e+00       1.42960e-16       6.47120e-17
      1     2         1.00000e+00       2.73115e-17       3.21859e-17
      1     3         1.00000e+00       2.73115e-17      -1.06320e-17
      1     4         1.00000e+00       1.42960e-16       2.18941e-17


 S O L U T I O N   T I M E   L O G   I N   S E C 

     TIME FOR INPUT PHASE = 3.96000e-04
     TIME FOR CALCULATION OF STIFFNESS MATRIX = 2.70000e-05
     TIME FOR FACTORIZATION AND LOAD CASE SOLUTIONS = 6.20000e-05

     T O T A L   S O L U T I O N   T I M E = 4.85000e-04

