TITLE : Q4 cantilever convergence 4x2
        (19:27:47 on May 19, 2026, Tuesday)

C O N T R O L   I N F O R M A T I O N

      NUMBER OF NODAL POINTS . . . . . . . . . . (NUMNP)  =    15
      NUMBER OF ELEMENT GROUPS . . . . . . . . . (NUMEG)  =     1
      NUMBER OF LOAD CASES . . . . . . . . . . . (NLCASE) =     1
      SOLUTION MODE  . . . . . . . . . . . . . . (MODEX)  =     1
         EQ.0, DATA CHECK
         EQ.1, EXECUTION

 N O D A L   P O I N T   D A T A

    NODE       BOUNDARY                         NODAL POINT
   NUMBER  CONDITION  CODES                     COORDINATES
        1    1    1    1       0.00000e+00    0.00000e+00    0.00000e+00
        2    0    0    1       1.00000e+00    0.00000e+00    0.00000e+00
        3    0    0    1       2.00000e+00    0.00000e+00    0.00000e+00
        4    0    0    1       3.00000e+00    0.00000e+00    0.00000e+00
        5    0    0    1       4.00000e+00    0.00000e+00    0.00000e+00
        6    1    1    1       0.00000e+00    5.00000e-01    0.00000e+00
        7    0    0    1       1.00000e+00    5.00000e-01    0.00000e+00
        8    0    0    1       2.00000e+00    5.00000e-01    0.00000e+00
        9    0    0    1       3.00000e+00    5.00000e-01    0.00000e+00
       10    0    0    1       4.00000e+00    5.00000e-01    0.00000e+00
       11    1    1    1       0.00000e+00    1.00000e+00    0.00000e+00
       12    0    0    1       1.00000e+00    1.00000e+00    0.00000e+00
       13    0    0    1       2.00000e+00    1.00000e+00    0.00000e+00
       14    0    0    1       3.00000e+00    1.00000e+00    0.00000e+00
       15    0    0    1       4.00000e+00    1.00000e+00    0.00000e+00

 EQUATION NUMBERS

   NODE NUMBER   DEGREES OF FREEDOM
        N           X    Y    Z
        1           0    0    0
        2           1    2    0
        3           3    4    0
        4           5    6    0
        5           7    8    0
        6           0    0    0
        7           9   10    0
        8          11   12    0
        9          13   14    0
       10          15   16    0
       11           0    0    0
       12          17   18    0
       13          19   20    0
       14          21   22    0
       15          23   24    0

 L O A D   C A S E   D A T A

     LOAD CASE NUMBER . . . . . . . =     1
     NUMBER OF CONCENTRATED LOADS . =     3

    NODE       DIRECTION      LOAD
   NUMBER                   MAGNITUDE
      5            2       -2.50000e-01
     10            2       -5.00000e-01
     15            2       -2.50000e-01

 E L E M E N T   G R O U P   D A T A


 E L E M E N T   D E F I N I T I O N

 ELEMENT TYPE  . . . . . . . . . . . . .( NPAR(1) ) . . =    2
     EQ.1, TRUSS ELEMENTS
     EQ.2, Q4 PLANE STRESS/STRAIN ELEMENTS
     EQ.3+, NOT AVAILABLE

 NUMBER OF ELEMENTS. . . . . . . . . . .( NPAR(2) ) . . =    8

 M A T E R I A L   D E F I N I T I O N

 NUMBER OF DIFFERENT SETS OF MATERIAL
 AND PLANE Q4 CONSTANTS . . . . . . . .( NPAR(3) ) . . =    1

  SET       YOUNG'S        POISSON      THICKNESS   ANALYSIS
 NUMBER     MODULUS         RATIO                    TYPE
               E             NU            T       0=PS 1=PE
    1     1.00000e+03     2.50000e-01     1.00000e+00         0


 E L E M E N T   I N F O R M A T I O N
 ELEMENT     NODE     NODE     NODE     NODE       MATERIAL
 NUMBER-N      I        J        K        L       SET NUMBER
    1          1        2        7        6           1
    2          2        3        8        7           1
    3          3        4        9        8           1
    4          4        5       10        9           1
    5          6        7       12       11           1
    6          7        8       13       12           1
    7          8        9       14       13           1
    8          9       10       15       14           1

	TOTAL SYSTEM DATA

     NUMBER OF EQUATIONS . . . . . . . . . . . . . .(NEQ) = 24
     NUMBER OF MATRIX ELEMENTS . . . . . . . . . . .(NWK) = 200
     MAXIMUM HALF BANDWIDTH  . . . . . . . . . . . .(MK ) = 12
     MEAN HALF BANDWIDTH . . . . . . . . . . . . . .(MM ) = 8


 LOAD CASE    1


 D I S P L A C E M E N T S

  NODE           X-DISPLACEMENT    Y-DISPLACEMENT    Z-DISPLACEMENT
    1               0.00000e+00       0.00000e+00       0.00000e+00
    2              -1.46035e-02      -1.76265e-02       0.00000e+00
    3              -2.52451e-02      -5.96888e-02       0.00000e+00
    4              -3.15817e-02      -1.18909e-01       0.00000e+00
    5              -3.37185e-02      -1.86616e-01       0.00000e+00
    6               0.00000e+00       0.00000e+00       0.00000e+00
    7               2.47732e-17      -1.65804e-02       0.00000e+00
    8               5.43576e-17      -5.92154e-02       0.00000e+00
    9               8.54050e-17      -1.18649e-01       0.00000e+00
   10               9.04650e-17      -1.86542e-01       0.00000e+00
   11               0.00000e+00       0.00000e+00       0.00000e+00
   12               1.46035e-02      -1.76265e-02       0.00000e+00
   13               2.52451e-02      -5.96888e-02       0.00000e+00
   14               3.15817e-02      -1.18909e-01       0.00000e+00
   15               3.37185e-02      -1.86616e-01       0.00000e+00

 S T R E S S  C A L C U L A T I O N S  F O R  E L E M E N T  G R O U P    1

  ELEMENT    GP             SIGMA_X           SIGMA_Y            TAU_XY
      1     1        -1.21673e+01      -2.59972e+00      -4.49331e+00
      1     2        -1.18452e+01      -1.31133e+00       2.25174e+00
      1     3        -2.85182e+00       9.37018e-01       2.49331e+00
      1     4        -3.17392e+00      -3.51370e-01      -4.25174e+00
      2     1        -8.45899e+00      -2.64682e-01      -3.39147e+00
      2     2        -8.63531e+00      -9.69965e-01       1.52371e+00
      2     3        -2.08174e+00       6.68428e-01       1.39147e+00
      2     4        -1.90542e+00       1.37371e+00      -3.52371e+00
      3     1        -5.10213e+00      -4.18661e-01      -2.43878e+00
      3     2        -5.16768e+00      -6.80864e-01       4.87942e-01
      3     3        -1.26539e+00       2.94710e-01       4.38779e-01
      3     4        -1.19984e+00       5.56913e-01      -2.48794e+00
      4     1        -1.67962e+00       2.25128e-02      -1.47198e+00
      4     2        -1.73693e+00      -2.06733e-01      -4.85034e-01
      4     3        -4.20998e-01       1.22250e-01      -5.28017e-01
      4     4        -3.63686e-01       3.51496e-01      -1.51497e+00
      5     1         3.17392e+00       3.51370e-01      -4.25174e+00
      5     2         2.85182e+00      -9.37018e-01       2.49331e+00
      5     3         1.18452e+01       1.31133e+00       2.25174e+00
      5     4         1.21673e+01       2.59972e+00      -4.49331e+00
      6     1         1.90542e+00      -1.37371e+00      -3.52371e+00
      6     2         2.08174e+00      -6.68428e-01       1.39147e+00
      6     3         8.63531e+00       9.69965e-01       1.52371e+00
      6     4         8.45899e+00       2.64682e-01      -3.39147e+00
      7     1         1.19984e+00      -5.56913e-01      -2.48794e+00
      7     2         1.26539e+00      -2.94710e-01       4.38779e-01
      7     3         5.16768e+00       6.80864e-01       4.87942e-01
      7     4         5.10213e+00       4.18661e-01      -2.43878e+00
      8     1         3.63686e-01      -3.51496e-01      -1.51497e+00
      8     2         4.20998e-01      -1.22250e-01      -5.28017e-01
      8     3         1.73693e+00       2.06733e-01      -4.85034e-01
      8     4         1.67962e+00      -2.25128e-02      -1.47198e+00


 S O L U T I O N   T I M E   L O G   I N   S E C 

     TIME FOR INPUT PHASE = 6.98000e-04
     TIME FOR CALCULATION OF STIFFNESS MATRIX = 7.10000e-05
     TIME FOR FACTORIZATION AND LOAD CASE SOLUTIONS = 2.33000e-04

     T O T A L   S O L U T I O N   T I M E = 1.00200e-03

