TITLE : Q4 cantilever convergence 8x2
        (17:39:50 on June 10, 2026, Wednesday)

C O N T R O L   I N F O R M A T I O N

      NUMBER OF NODAL POINTS . . . . . . . . . . (NUMNP)  =    27
      NUMBER OF ELEMENT GROUPS . . . . . . . . . (NUMEG)  =     1
      NUMBER OF LOAD CASES . . . . . . . . . . . (NLCASE) =     1
      SOLUTION MODE  . . . . . . . . . . . . . . (MODEX)  =     1
         EQ.0, DATA CHECK
         EQ.1, EXECUTION

 N O D A L   P O I N T   D A T A

    NODE       BOUNDARY                         NODAL POINT
   NUMBER  CONDITION  CODES                     COORDINATES
        1    1    1    1       0.00000e+00    0.00000e+00    0.00000e+00
        2    0    0    1       5.00000e-01    0.00000e+00    0.00000e+00
        3    0    0    1       1.00000e+00    0.00000e+00    0.00000e+00
        4    0    0    1       1.50000e+00    0.00000e+00    0.00000e+00
        5    0    0    1       2.00000e+00    0.00000e+00    0.00000e+00
        6    0    0    1       2.50000e+00    0.00000e+00    0.00000e+00
        7    0    0    1       3.00000e+00    0.00000e+00    0.00000e+00
        8    0    0    1       3.50000e+00    0.00000e+00    0.00000e+00
        9    0    0    1       4.00000e+00    0.00000e+00    0.00000e+00
       10    1    1    1       0.00000e+00    5.00000e-01    0.00000e+00
       11    0    0    1       5.00000e-01    5.00000e-01    0.00000e+00
       12    0    0    1       1.00000e+00    5.00000e-01    0.00000e+00
       13    0    0    1       1.50000e+00    5.00000e-01    0.00000e+00
       14    0    0    1       2.00000e+00    5.00000e-01    0.00000e+00
       15    0    0    1       2.50000e+00    5.00000e-01    0.00000e+00
       16    0    0    1       3.00000e+00    5.00000e-01    0.00000e+00
       17    0    0    1       3.50000e+00    5.00000e-01    0.00000e+00
       18    0    0    1       4.00000e+00    5.00000e-01    0.00000e+00
       19    1    1    1       0.00000e+00    1.00000e+00    0.00000e+00
       20    0    0    1       5.00000e-01    1.00000e+00    0.00000e+00
       21    0    0    1       1.00000e+00    1.00000e+00    0.00000e+00
       22    0    0    1       1.50000e+00    1.00000e+00    0.00000e+00
       23    0    0    1       2.00000e+00    1.00000e+00    0.00000e+00
       24    0    0    1       2.50000e+00    1.00000e+00    0.00000e+00
       25    0    0    1       3.00000e+00    1.00000e+00    0.00000e+00
       26    0    0    1       3.50000e+00    1.00000e+00    0.00000e+00
       27    0    0    1       4.00000e+00    1.00000e+00    0.00000e+00

 EQUATION NUMBERS

   NODE NUMBER   DEGREES OF FREEDOM
        N           X    Y    Z
        1           0    0    0
        2           1    2    0
        3           3    4    0
        4           5    6    0
        5           7    8    0
        6           9   10    0
        7          11   12    0
        8          13   14    0
        9          15   16    0
       10           0    0    0
       11          17   18    0
       12          19   20    0
       13          21   22    0
       14          23   24    0
       15          25   26    0
       16          27   28    0
       17          29   30    0
       18          31   32    0
       19           0    0    0
       20          33   34    0
       21          35   36    0
       22          37   38    0
       23          39   40    0
       24          41   42    0
       25          43   44    0
       26          45   46    0
       27          47   48    0

 L O A D   C A S E   D A T A

     LOAD CASE NUMBER . . . . . . . =     1
     NUMBER OF CONCENTRATED LOADS . =     3

    NODE       DIRECTION      LOAD
   NUMBER                   MAGNITUDE
      9            2       -2.50000e-01
     18            2       -5.00000e-01
     27            2       -2.50000e-01

 E L E M E N T   G R O U P   D A T A


 E L E M E N T   D E F I N I T I O N

 ELEMENT TYPE  . . . . . . . . . . . . .( NPAR(1) ) . . =    2
     EQ.1, TRUSS ELEMENTS
     EQ.2, Q4 PLANE STRESS/STRAIN ELEMENTS
     EQ.3+, NOT AVAILABLE

 NUMBER OF ELEMENTS. . . . . . . . . . .( NPAR(2) ) . . =   16

 M A T E R I A L   D E F I N I T I O N

 NUMBER OF DIFFERENT SETS OF MATERIAL
 AND PLANE Q4 CONSTANTS . . . . . . . .( NPAR(3) ) . . =    1

  SET       YOUNG'S        POISSON      THICKNESS   ANALYSIS
 NUMBER     MODULUS         RATIO                    TYPE
               E             NU            T       0=PS 1=PE
    1     1.00000e+03     2.50000e-01     1.00000e+00         0


 E L E M E N T   I N F O R M A T I O N
 ELEMENT     NODE     NODE     NODE     NODE       MATERIAL
 NUMBER-N      I        J        K        L       SET NUMBER
    1          1        2       11       10           1
    2          2        3       12       11           1
    3          3        4       13       12           1
    4          4        5       14       13           1
    5          5        6       15       14           1
    6          6        7       16       15           1
    7          7        8       17       16           1
    8          8        9       18       17           1
    9         10       11       20       19           1
   10         11       12       21       20           1
   11         12       13       22       21           1
   12         13       14       23       22           1
   13         14       15       24       23           1
   14         15       16       25       24           1
   15         16       17       26       25           1
   16         17       18       27       26           1

	TOTAL SYSTEM DATA

     NUMBER OF EQUATIONS . . . . . . . . . . . . . .(NEQ) = 48
     NUMBER OF MATRIX ELEMENTS . . . . . . . . . . .(NWK) = 668
     MAXIMUM HALF BANDWIDTH  . . . . . . . . . . . .(MK ) = 20
     MEAN HALF BANDWIDTH . . . . . . . . . . . . . .(MM ) = 13


 LOAD CASE    1


 D I S P L A C E M E N T S

  NODE           X-DISPLACEMENT    Y-DISPLACEMENT    Z-DISPLACEMENT
    1               0.00000e+00       0.00000e+00       0.00000e+00
    2              -9.88627e-03      -6.90308e-03       0.00000e+00
    3              -1.86519e-02      -2.21937e-02       0.00000e+00
    4              -2.60337e-02      -4.57288e-02       0.00000e+00
    5              -3.20796e-02      -7.59468e-02       0.00000e+00
    6              -3.67809e-02      -1.11544e-01       0.00000e+00
    7              -4.01394e-02      -1.51171e-01       0.00000e+00
    8              -4.21528e-02      -1.93477e-01       0.00000e+00
    9              -4.28326e-02      -2.37170e-01       0.00000e+00
   10               0.00000e+00       0.00000e+00       0.00000e+00
   11               1.63956e-17      -5.48318e-03       0.00000e+00
   12               3.51672e-17      -2.12307e-02       0.00000e+00
   13               5.31097e-17      -4.48812e-02       0.00000e+00
   14               7.74699e-17      -7.52766e-02       0.00000e+00
   15               9.78817e-17      -1.11040e-01       0.00000e+00
   16               1.13611e-16      -1.50833e-01       0.00000e+00
   17               1.44792e-16      -1.93320e-01       0.00000e+00
   18               1.40583e-16      -2.37112e-01       0.00000e+00
   19               0.00000e+00       0.00000e+00       0.00000e+00
   20               9.88627e-03      -6.90308e-03       0.00000e+00
   21               1.86519e-02      -2.21937e-02       0.00000e+00
   22               2.60337e-02      -4.57288e-02       0.00000e+00
   23               3.20796e-02      -7.59468e-02       0.00000e+00
   24               3.67809e-02      -1.11544e-01       0.00000e+00
   25               4.01394e-02      -1.51171e-01       0.00000e+00
   26               4.21528e-02      -1.93477e-01       0.00000e+00
   27               4.28326e-02      -2.37170e-01       0.00000e+00

 S T R E S S  C A L C U L A T I O N S  F O R  E L E M E N T  G R O U P    1

  ELEMENT    GP             SIGMA_X           SIGMA_Y            TAU_XY
      1     1        -1.64737e+01      -3.51830e+00      -3.61105e+00
      1     2        -1.60365e+01      -1.76944e+00       9.55224e-01
      1     3        -3.85974e+00       1.27474e+00       1.61105e+00
      1     4        -4.29696e+00      -4.74119e-01      -2.95522e+00
      2     1        -1.40425e+01      -8.63943e-01      -2.91881e+00
      2     2        -1.41832e+01      -1.42676e+00       1.12986e+00
      2     3        -3.38670e+00       1.27236e+00       9.18808e-01
      2     4        -3.24600e+00       1.83517e+00      -3.12986e+00
      3     1        -1.19194e+01      -1.10268e+00      -2.67813e+00
      3     2        -1.19549e+01      -1.24470e+00       7.31387e-01
      3     3        -2.86284e+00       1.02831e+00       6.78128e-01
      3     4        -2.82734e+00       1.17033e+00      -2.73139e+00
      4     1        -9.74022e+00      -8.14752e-01      -2.35527e+00
      4     2        -9.79485e+00      -1.03327e+00       4.37218e-01
      4     3        -2.34821e+00       8.28392e-01       3.55274e-01
      4     4        -2.29358e+00       1.04691e+00      -2.43722e+00
      5     1        -7.57118e+00      -6.22740e-01      -2.04723e+00
      5     2        -7.62248e+00      -8.27915e-01       1.24174e-01
      5     3        -1.83205e+00       6.19691e-01       4.72338e-02
      5     4        -1.78076e+00       8.24866e-01      -2.12417e+00
      6     1        -5.40082e+00      -4.13045e-01      -1.73729e+00
      6     2        -5.45192e+00      -6.17446e-01      -1.86059e-01
      6     3        -1.31530e+00       4.16709e-01      -2.62709e-01
      6     4        -1.26420e+00       6.21109e-01      -1.81394e+00
      7     1        -3.22784e+00      -2.07792e-01      -1.42333e+00
      7     2        -3.28338e+00      -4.29930e-01      -4.93366e-01
      7     3        -8.03466e-01       1.90048e-01      -5.76668e-01
      7     4        -7.47932e-01       4.12185e-01      -1.50663e+00
      8     1        -1.07102e+00       4.98467e-03      -1.13407e+00
      8     2        -1.10158e+00      -1.17260e-01      -8.20088e-01
      8     3        -2.64298e-01       9.20604e-02      -8.65930e-01
      8     4        -2.33736e-01       2.14305e-01      -1.17991e+00
      9     1         4.29696e+00       4.74119e-01      -2.95522e+00
      9     2         3.85974e+00      -1.27474e+00       1.61105e+00
      9     3         1.60365e+01       1.76944e+00       9.55224e-01
      9     4         1.64737e+01       3.51830e+00      -3.61105e+00
     10     1         3.24600e+00      -1.83517e+00      -3.12986e+00
     10     2         3.38670e+00      -1.27236e+00       9.18808e-01
     10     3         1.41832e+01       1.42676e+00       1.12986e+00
     10     4         1.40425e+01       8.63943e-01      -2.91881e+00
     11     1         2.82734e+00      -1.17033e+00      -2.73139e+00
     11     2         2.86284e+00      -1.02831e+00       6.78128e-01
     11     3         1.19549e+01       1.24470e+00       7.31387e-01
     11     4         1.19194e+01       1.10268e+00      -2.67813e+00
     12     1         2.29358e+00      -1.04691e+00      -2.43722e+00
     12     2         2.34821e+00      -8.28392e-01       3.55274e-01
     12     3         9.79485e+00       1.03327e+00       4.37218e-01
     12     4         9.74022e+00       8.14752e-01      -2.35527e+00
     13     1         1.78076e+00      -8.24866e-01      -2.12417e+00
     13     2         1.83205e+00      -6.19691e-01       4.72338e-02
     13     3         7.62248e+00       8.27915e-01       1.24174e-01
     13     4         7.57118e+00       6.22740e-01      -2.04723e+00
     14     1         1.26420e+00      -6.21109e-01      -1.81394e+00
     14     2         1.31530e+00      -4.16709e-01      -2.62709e-01
     14     3         5.45192e+00       6.17446e-01      -1.86059e-01
     14     4         5.40082e+00       4.13045e-01      -1.73729e+00
     15     1         7.47932e-01      -4.12185e-01      -1.50663e+00
     15     2         8.03466e-01      -1.90048e-01      -5.76668e-01
     15     3         3.28338e+00       4.29930e-01      -4.93366e-01
     15     4         3.22784e+00       2.07792e-01      -1.42333e+00
     16     1         2.33736e-01      -2.14305e-01      -1.17991e+00
     16     2         2.64298e-01      -9.20604e-02      -8.65930e-01
     16     3         1.10158e+00       1.17260e-01      -8.20088e-01
     16     4         1.07102e+00      -4.98467e-03      -1.13407e+00


 S O L U T I O N   T I M E   L O G   I N   S E C 

     TIME FOR INPUT PHASE = 8.14000e-04
     TIME FOR CALCULATION OF STIFFNESS MATRIX = 8.20000e-05
     TIME FOR FACTORIZATION AND LOAD CASE SOLUTIONS = 3.64000e-04

     T O T A L   S O L U T I O N   T I M E = 1.26000e-03

