TITLE : Q4 cantilever convergence 16x4
        (17:39:50 on June 10, 2026, Wednesday)

C O N T R O L   I N F O R M A T I O N

      NUMBER OF NODAL POINTS . . . . . . . . . . (NUMNP)  =    85
      NUMBER OF ELEMENT GROUPS . . . . . . . . . (NUMEG)  =     1
      NUMBER OF LOAD CASES . . . . . . . . . . . (NLCASE) =     1
      SOLUTION MODE  . . . . . . . . . . . . . . (MODEX)  =     1
         EQ.0, DATA CHECK
         EQ.1, EXECUTION

 N O D A L   P O I N T   D A T A

    NODE       BOUNDARY                         NODAL POINT
   NUMBER  CONDITION  CODES                     COORDINATES
        1    1    1    1       0.00000e+00    0.00000e+00    0.00000e+00
        2    0    0    1       2.50000e-01    0.00000e+00    0.00000e+00
        3    0    0    1       5.00000e-01    0.00000e+00    0.00000e+00
        4    0    0    1       7.50000e-01    0.00000e+00    0.00000e+00
        5    0    0    1       1.00000e+00    0.00000e+00    0.00000e+00
        6    0    0    1       1.25000e+00    0.00000e+00    0.00000e+00
        7    0    0    1       1.50000e+00    0.00000e+00    0.00000e+00
        8    0    0    1       1.75000e+00    0.00000e+00    0.00000e+00
        9    0    0    1       2.00000e+00    0.00000e+00    0.00000e+00
       10    0    0    1       2.25000e+00    0.00000e+00    0.00000e+00
       11    0    0    1       2.50000e+00    0.00000e+00    0.00000e+00
       12    0    0    1       2.75000e+00    0.00000e+00    0.00000e+00
       13    0    0    1       3.00000e+00    0.00000e+00    0.00000e+00
       14    0    0    1       3.25000e+00    0.00000e+00    0.00000e+00
       15    0    0    1       3.50000e+00    0.00000e+00    0.00000e+00
       16    0    0    1       3.75000e+00    0.00000e+00    0.00000e+00
       17    0    0    1       4.00000e+00    0.00000e+00    0.00000e+00
       18    1    1    1       0.00000e+00    2.50000e-01    0.00000e+00
       19    0    0    1       2.50000e-01    2.50000e-01    0.00000e+00
       20    0    0    1       5.00000e-01    2.50000e-01    0.00000e+00
       21    0    0    1       7.50000e-01    2.50000e-01    0.00000e+00
       22    0    0    1       1.00000e+00    2.50000e-01    0.00000e+00
       23    0    0    1       1.25000e+00    2.50000e-01    0.00000e+00
       24    0    0    1       1.50000e+00    2.50000e-01    0.00000e+00
       25    0    0    1       1.75000e+00    2.50000e-01    0.00000e+00
       26    0    0    1       2.00000e+00    2.50000e-01    0.00000e+00
       27    0    0    1       2.25000e+00    2.50000e-01    0.00000e+00
       28    0    0    1       2.50000e+00    2.50000e-01    0.00000e+00
       29    0    0    1       2.75000e+00    2.50000e-01    0.00000e+00
       30    0    0    1       3.00000e+00    2.50000e-01    0.00000e+00
       31    0    0    1       3.25000e+00    2.50000e-01    0.00000e+00
       32    0    0    1       3.50000e+00    2.50000e-01    0.00000e+00
       33    0    0    1       3.75000e+00    2.50000e-01    0.00000e+00
       34    0    0    1       4.00000e+00    2.50000e-01    0.00000e+00
       35    1    1    1       0.00000e+00    5.00000e-01    0.00000e+00
       36    0    0    1       2.50000e-01    5.00000e-01    0.00000e+00
       37    0    0    1       5.00000e-01    5.00000e-01    0.00000e+00
       38    0    0    1       7.50000e-01    5.00000e-01    0.00000e+00
       39    0    0    1       1.00000e+00    5.00000e-01    0.00000e+00
       40    0    0    1       1.25000e+00    5.00000e-01    0.00000e+00
       41    0    0    1       1.50000e+00    5.00000e-01    0.00000e+00
       42    0    0    1       1.75000e+00    5.00000e-01    0.00000e+00
       43    0    0    1       2.00000e+00    5.00000e-01    0.00000e+00
       44    0    0    1       2.25000e+00    5.00000e-01    0.00000e+00
       45    0    0    1       2.50000e+00    5.00000e-01    0.00000e+00
       46    0    0    1       2.75000e+00    5.00000e-01    0.00000e+00
       47    0    0    1       3.00000e+00    5.00000e-01    0.00000e+00
       48    0    0    1       3.25000e+00    5.00000e-01    0.00000e+00
       49    0    0    1       3.50000e+00    5.00000e-01    0.00000e+00
       50    0    0    1       3.75000e+00    5.00000e-01    0.00000e+00
       51    0    0    1       4.00000e+00    5.00000e-01    0.00000e+00
       52    1    1    1       0.00000e+00    7.50000e-01    0.00000e+00
       53    0    0    1       2.50000e-01    7.50000e-01    0.00000e+00
       54    0    0    1       5.00000e-01    7.50000e-01    0.00000e+00
       55    0    0    1       7.50000e-01    7.50000e-01    0.00000e+00
       56    0    0    1       1.00000e+00    7.50000e-01    0.00000e+00
       57    0    0    1       1.25000e+00    7.50000e-01    0.00000e+00
       58    0    0    1       1.50000e+00    7.50000e-01    0.00000e+00
       59    0    0    1       1.75000e+00    7.50000e-01    0.00000e+00
       60    0    0    1       2.00000e+00    7.50000e-01    0.00000e+00
       61    0    0    1       2.25000e+00    7.50000e-01    0.00000e+00
       62    0    0    1       2.50000e+00    7.50000e-01    0.00000e+00
       63    0    0    1       2.75000e+00    7.50000e-01    0.00000e+00
       64    0    0    1       3.00000e+00    7.50000e-01    0.00000e+00
       65    0    0    1       3.25000e+00    7.50000e-01    0.00000e+00
       66    0    0    1       3.50000e+00    7.50000e-01    0.00000e+00
       67    0    0    1       3.75000e+00    7.50000e-01    0.00000e+00
       68    0    0    1       4.00000e+00    7.50000e-01    0.00000e+00
       69    1    1    1       0.00000e+00    1.00000e+00    0.00000e+00
       70    0    0    1       2.50000e-01    1.00000e+00    0.00000e+00
       71    0    0    1       5.00000e-01    1.00000e+00    0.00000e+00
       72    0    0    1       7.50000e-01    1.00000e+00    0.00000e+00
       73    0    0    1       1.00000e+00    1.00000e+00    0.00000e+00
       74    0    0    1       1.25000e+00    1.00000e+00    0.00000e+00
       75    0    0    1       1.50000e+00    1.00000e+00    0.00000e+00
       76    0    0    1       1.75000e+00    1.00000e+00    0.00000e+00
       77    0    0    1       2.00000e+00    1.00000e+00    0.00000e+00
       78    0    0    1       2.25000e+00    1.00000e+00    0.00000e+00
       79    0    0    1       2.50000e+00    1.00000e+00    0.00000e+00
       80    0    0    1       2.75000e+00    1.00000e+00    0.00000e+00
       81    0    0    1       3.00000e+00    1.00000e+00    0.00000e+00
       82    0    0    1       3.25000e+00    1.00000e+00    0.00000e+00
       83    0    0    1       3.50000e+00    1.00000e+00    0.00000e+00
       84    0    0    1       3.75000e+00    1.00000e+00    0.00000e+00
       85    0    0    1       4.00000e+00    1.00000e+00    0.00000e+00

 EQUATION NUMBERS

   NODE NUMBER   DEGREES OF FREEDOM
        N           X    Y    Z
        1           0    0    0
        2           1    2    0
        3           3    4    0
        4           5    6    0
        5           7    8    0
        6           9   10    0
        7          11   12    0
        8          13   14    0
        9          15   16    0
       10          17   18    0
       11          19   20    0
       12          21   22    0
       13          23   24    0
       14          25   26    0
       15          27   28    0
       16          29   30    0
       17          31   32    0
       18           0    0    0
       19          33   34    0
       20          35   36    0
       21          37   38    0
       22          39   40    0
       23          41   42    0
       24          43   44    0
       25          45   46    0
       26          47   48    0
       27          49   50    0
       28          51   52    0
       29          53   54    0
       30          55   56    0
       31          57   58    0
       32          59   60    0
       33          61   62    0
       34          63   64    0
       35           0    0    0
       36          65   66    0
       37          67   68    0
       38          69   70    0
       39          71   72    0
       40          73   74    0
       41          75   76    0
       42          77   78    0
       43          79   80    0
       44          81   82    0
       45          83   84    0
       46          85   86    0
       47          87   88    0
       48          89   90    0
       49          91   92    0
       50          93   94    0
       51          95   96    0
       52           0    0    0
       53          97   98    0
       54          99  100    0
       55         101  102    0
       56         103  104    0
       57         105  106    0
       58         107  108    0
       59         109  110    0
       60         111  112    0
       61         113  114    0
       62         115  116    0
       63         117  118    0
       64         119  120    0
       65         121  122    0
       66         123  124    0
       67         125  126    0
       68         127  128    0
       69           0    0    0
       70         129  130    0
       71         131  132    0
       72         133  134    0
       73         135  136    0
       74         137  138    0
       75         139  140    0
       76         141  142    0
       77         143  144    0
       78         145  146    0
       79         147  148    0
       80         149  150    0
       81         151  152    0
       82         153  154    0
       83         155  156    0
       84         157  158    0
       85         159  160    0

 L O A D   C A S E   D A T A

     LOAD CASE NUMBER . . . . . . . =     1
     NUMBER OF CONCENTRATED LOADS . =     5

    NODE       DIRECTION      LOAD
   NUMBER                   MAGNITUDE
     17            2       -1.25000e-01
     34            2       -2.50000e-01
     51            2       -2.50000e-01
     68            2       -2.50000e-01
     85            2       -1.25000e-01

 E L E M E N T   G R O U P   D A T A


 E L E M E N T   D E F I N I T I O N

 ELEMENT TYPE  . . . . . . . . . . . . .( NPAR(1) ) . . =    2
     EQ.1, TRUSS ELEMENTS
     EQ.2, Q4 PLANE STRESS/STRAIN ELEMENTS
     EQ.3+, NOT AVAILABLE

 NUMBER OF ELEMENTS. . . . . . . . . . .( NPAR(2) ) . . =   64

 M A T E R I A L   D E F I N I T I O N

 NUMBER OF DIFFERENT SETS OF MATERIAL
 AND PLANE Q4 CONSTANTS . . . . . . . .( NPAR(3) ) . . =    1

  SET       YOUNG'S        POISSON      THICKNESS   ANALYSIS
 NUMBER     MODULUS         RATIO                    TYPE
               E             NU            T       0=PS 1=PE
    1     1.00000e+03     2.50000e-01     1.00000e+00         0


 E L E M E N T   I N F O R M A T I O N
 ELEMENT     NODE     NODE     NODE     NODE       MATERIAL
 NUMBER-N      I        J        K        L       SET NUMBER
    1          1        2       19       18           1
    2          2        3       20       19           1
    3          3        4       21       20           1
    4          4        5       22       21           1
    5          5        6       23       22           1
    6          6        7       24       23           1
    7          7        8       25       24           1
    8          8        9       26       25           1
    9          9       10       27       26           1
   10         10       11       28       27           1
   11         11       12       29       28           1
   12         12       13       30       29           1
   13         13       14       31       30           1
   14         14       15       32       31           1
   15         15       16       33       32           1
   16         16       17       34       33           1
   17         18       19       36       35           1
   18         19       20       37       36           1
   19         20       21       38       37           1
   20         21       22       39       38           1
   21         22       23       40       39           1
   22         23       24       41       40           1
   23         24       25       42       41           1
   24         25       26       43       42           1
   25         26       27       44       43           1
   26         27       28       45       44           1
   27         28       29       46       45           1
   28         29       30       47       46           1
   29         30       31       48       47           1
   30         31       32       49       48           1
   31         32       33       50       49           1
   32         33       34       51       50           1
   33         35       36       53       52           1
   34         36       37       54       53           1
   35         37       38       55       54           1
   36         38       39       56       55           1
   37         39       40       57       56           1
   38         40       41       58       57           1
   39         41       42       59       58           1
   40         42       43       60       59           1
   41         43       44       61       60           1
   42         44       45       62       61           1
   43         45       46       63       62           1
   44         46       47       64       63           1
   45         47       48       65       64           1
   46         48       49       66       65           1
   47         49       50       67       66           1
   48         50       51       68       67           1
   49         52       53       70       69           1
   50         53       54       71       70           1
   51         54       55       72       71           1
   52         55       56       73       72           1
   53         56       57       74       73           1
   54         57       58       75       74           1
   55         58       59       76       75           1
   56         59       60       77       76           1
   57         60       61       78       77           1
   58         61       62       79       78           1
   59         62       63       80       79           1
   60         63       64       81       80           1
   61         64       65       82       81           1
   62         65       66       83       82           1
   63         66       67       84       83           1
   64         67       68       85       84           1

	TOTAL SYSTEM DATA

     NUMBER OF EQUATIONS . . . . . . . . . . . . . .(NEQ) = 160
     NUMBER OF MATRIX ELEMENTS . . . . . . . . . . .(NWK) = 4636
     MAXIMUM HALF BANDWIDTH  . . . . . . . . . . . .(MK ) = 36
     MEAN HALF BANDWIDTH . . . . . . . . . . . . . .(MM ) = 28


 LOAD CASE    1


 D I S P L A C E M E N T S

  NODE           X-DISPLACEMENT    Y-DISPLACEMENT    Z-DISPLACEMENT
    1               0.00000e+00       0.00000e+00       0.00000e+00
    2              -5.71374e-03      -2.93777e-03       0.00000e+00
    3              -1.09420e-02      -7.64447e-03       0.00000e+00
    4              -1.58471e-02      -1.49082e-02       0.00000e+00
    5              -2.04021e-02      -2.45348e-02       0.00000e+00
    6              -2.45925e-02      -3.63518e-02       0.00000e+00
    7              -2.84185e-02      -5.01726e-02       0.00000e+00
    8              -3.18800e-02      -6.58153e-02       0.00000e+00
    9              -3.49772e-02      -8.30977e-02       0.00000e+00
   10              -3.77100e-02      -1.01838e-01       0.00000e+00
   11              -4.00784e-02      -1.21853e-01       0.00000e+00
   12              -4.20824e-02      -1.42961e-01       0.00000e+00
   13              -4.37220e-02      -1.64980e-01       0.00000e+00
   14              -4.49972e-02      -1.87728e-01       0.00000e+00
   15              -4.59101e-02      -2.11019e-01       0.00000e+00
   16              -4.64768e-02      -2.34678e-01       0.00000e+00
   17              -4.66932e-02      -2.58679e-01       0.00000e+00
   18               0.00000e+00       0.00000e+00       0.00000e+00
   19              -2.54670e-03      -1.84702e-03       0.00000e+00
   20              -5.24494e-03      -6.69129e-03       0.00000e+00
   21              -7.71864e-03      -1.40153e-02       0.00000e+00
   22              -9.99643e-03      -2.37155e-02       0.00000e+00
   23              -1.20914e-02      -3.56002e-02       0.00000e+00
   24              -1.40043e-02      -4.94894e-02       0.00000e+00
   25              -1.57350e-02      -6.52004e-02       0.00000e+00
   26              -1.72836e-02      -8.25511e-02       0.00000e+00
   27              -1.86500e-02      -1.01359e-01       0.00000e+00
   28              -1.98342e-02      -1.21443e-01       0.00000e+00
   29              -2.08363e-02      -1.42619e-01       0.00000e+00
   30              -2.16562e-02      -1.64707e-01       0.00000e+00
   31              -2.22939e-02      -1.87523e-01       0.00000e+00
   32              -2.27467e-02      -2.10886e-01       0.00000e+00
   33              -2.29993e-02      -2.34619e-01       0.00000e+00
   34              -2.30909e-02      -2.58543e-01       0.00000e+00
   35               0.00000e+00       0.00000e+00       0.00000e+00
   36               3.69784e-18      -1.58193e-03       0.00000e+00
   37               8.12244e-18      -6.34241e-03       0.00000e+00
   38               1.20012e-17      -1.37197e-02       0.00000e+00
   39               1.79826e-17      -2.34418e-02       0.00000e+00
   40               1.28732e-17      -3.53499e-02       0.00000e+00
   41               1.28661e-17      -4.92617e-02       0.00000e+00
   42               3.05770e-17      -6.49955e-02       0.00000e+00
   43               6.17311e-17      -8.23689e-02       0.00000e+00
   44               7.24905e-17      -1.01200e-01       0.00000e+00
   45               5.76693e-17      -1.21306e-01       0.00000e+00
   46               2.45691e-17      -1.42505e-01       0.00000e+00
   47               1.74506e-17      -1.64616e-01       0.00000e+00
   48               4.27503e-17      -1.87455e-01       0.00000e+00
   49               4.85549e-17      -2.10845e-01       0.00000e+00
   50               6.48828e-17      -2.34607e-01       0.00000e+00
   51               1.35602e-16      -2.58428e-01       0.00000e+00
   52               0.00000e+00       0.00000e+00       0.00000e+00
   53               2.54670e-03      -1.84702e-03       0.00000e+00
   54               5.24494e-03      -6.69129e-03       0.00000e+00
   55               7.71864e-03      -1.40153e-02       0.00000e+00
   56               9.99643e-03      -2.37155e-02       0.00000e+00
   57               1.20914e-02      -3.56002e-02       0.00000e+00
   58               1.40043e-02      -4.94894e-02       0.00000e+00
   59               1.57350e-02      -6.52004e-02       0.00000e+00
   60               1.72836e-02      -8.25511e-02       0.00000e+00
   61               1.86500e-02      -1.01359e-01       0.00000e+00
   62               1.98342e-02      -1.21443e-01       0.00000e+00
   63               2.08363e-02      -1.42619e-01       0.00000e+00
   64               2.16562e-02      -1.64707e-01       0.00000e+00
   65               2.22939e-02      -1.87523e-01       0.00000e+00
   66               2.27467e-02      -2.10886e-01       0.00000e+00
   67               2.29993e-02      -2.34619e-01       0.00000e+00
   68               2.30909e-02      -2.58543e-01       0.00000e+00
   69               0.00000e+00       0.00000e+00       0.00000e+00
   70               5.71374e-03      -2.93777e-03       0.00000e+00
   71               1.09420e-02      -7.64447e-03       0.00000e+00
   72               1.58471e-02      -1.49082e-02       0.00000e+00
   73               2.04021e-02      -2.45348e-02       0.00000e+00
   74               2.45925e-02      -3.63518e-02       0.00000e+00
   75               2.84185e-02      -5.01726e-02       0.00000e+00
   76               3.18800e-02      -6.58153e-02       0.00000e+00
   77               3.49772e-02      -8.30977e-02       0.00000e+00
   78               3.77100e-02      -1.01838e-01       0.00000e+00
   79               4.00784e-02      -1.21853e-01       0.00000e+00
   80               4.20824e-02      -1.42961e-01       0.00000e+00
   81               4.37220e-02      -1.64980e-01       0.00000e+00
   82               4.49972e-02      -1.87728e-01       0.00000e+00
   83               4.59101e-02      -2.11019e-01       0.00000e+00
   84               4.64768e-02      -2.34678e-01       0.00000e+00
   85               4.66932e-02      -2.58679e-01       0.00000e+00

 S T R E S S  C A L C U L A T I O N S  F O R  E L E M E N T  G R O U P    1

  ELEMENT    GP             SIGMA_X           SIGMA_Y            TAU_XY
      1     1        -2.12772e+01      -4.39729e+00      -3.26079e+00
      1     2        -2.06055e+01      -1.71038e+00      -3.35207e-01
      1     3        -1.28039e+01       2.40011e-01       6.72384e-01
      1     4        -1.34756e+01      -2.44690e+00      -2.25320e+00
      2     1        -1.88935e+01      -4.76666e-01      -1.65453e+00
      2     2        -1.89782e+01      -8.15550e-01       6.82579e-01
      2     3        -1.27459e+01       7.42523e-01       5.55497e-01
      2     4        -1.26612e+01       1.08141e+00      -1.78161e+00
      3     1        -1.77329e+01      -6.71482e-01      -1.70497e+00
      3     2        -1.77701e+01      -8.20013e-01       5.41046e-01
      3     3        -1.17807e+01       6.77332e-01       4.85347e-01
      3     4        -1.17436e+01       8.25863e-01      -1.76067e+00
      4     1        -1.64457e+01      -6.02083e-01      -1.65204e+00
      4     2        -1.64910e+01      -7.83350e-01       4.51575e-01
      4     3        -1.08813e+01       6.19058e-01       3.83600e-01
      4     4        -1.08360e+01       8.00325e-01      -1.72001e+00
      5     1        -1.51311e+01      -5.62837e-01      -1.57257e+00
      5     2        -1.51728e+01      -7.29662e-01       3.63180e-01
      5     3        -1.00109e+01       5.60836e-01       3.00621e-01
      5     4        -9.96915e+00       7.27661e-01      -1.63513e+00
      6     1        -1.38129e+01      -5.04747e-01      -1.48771e+00
      6     2        -1.38550e+01      -6.73244e-01       2.79485e-01
      6     3        -9.14252e+00       5.04887e-01       2.16299e-01
      6     4        -9.10040e+00       6.73384e-01      -1.55090e+00
      7     1        -1.24953e+01      -4.48864e-01      -1.40349e+00
      7     2        -1.25374e+01      -6.17093e-01       1.95320e-01
      7     3        -8.27390e+00       4.48782e-01       1.32234e-01
      7     4        -8.23184e+00       6.17012e-01      -1.46658e+00
      8     1        -1.11778e+01      -3.92680e-01      -1.31933e+00
      8     2        -1.12199e+01      -5.60987e-01       1.11191e-01
      8     3        -7.40518e+00       3.92693e-01       4.80757e-02
      8     4        -7.36310e+00       5.60999e-01      -1.38244e+00
      9     1        -9.86031e+00      -3.36595e-01      -1.23518e+00
      9     2        -9.90238e+00      -5.04890e-01       2.70402e-02
      9     3        -6.53645e+00       3.36592e-01      -3.60706e-02
      9     4        -6.49438e+00       5.04888e-01      -1.29829e+00
     10     1        -8.54280e+00      -2.80494e-01      -1.15104e+00
     10     2        -8.58487e+00      -4.48787e-01      -5.71078e-02
     10     3        -5.66773e+00       2.80498e-01      -1.20218e-01
     10     4        -5.62566e+00       4.48791e-01      -1.21415e+00
     11     1        -7.22527e+00      -2.24381e-01      -1.06690e+00
     11     2        -7.26734e+00      -3.92662e-01      -1.41280e-01
     11     3        -4.79902e+00       2.24418e-01      -2.04385e-01
     11     4        -4.75695e+00       3.92698e-01      -1.13000e+00
     12     1        -5.90760e+00      -1.68186e-01      -9.82818e-01
     12     2        -5.94965e+00      -3.36375e-01      -2.25606e-01
     12     3        -3.93042e+00       1.68433e-01      -2.88677e-01
     12     4        -3.88837e+00       3.36622e-01      -1.04589e+00
     13     1        -4.58974e+00      -1.12239e-01      -8.98296e-01
     13     2        -4.63209e+00      -2.81638e-01      -3.09522e-01
     13     3        -3.06202e+00       1.10879e-01      -3.73046e-01
     13     4        -3.01967e+00       2.80277e-01      -9.61821e-01
     14     1        -3.27821e+00      -6.12453e-02      -8.10044e-01
     14     2        -3.32189e+00      -2.35942e-01      -3.84885e-01
     14     3        -2.18813e+00       4.74980e-02      -4.50396e-01
     14     4        -2.14445e+00       2.22194e-01      -8.75555e-01
     15     1        -2.00891e+00      -3.09526e-02      -7.11200e-01
     15     2        -2.05503e+00      -2.15446e-01      -4.21092e-01
     15     3        -1.28141e+00      -2.20403e-02      -4.90277e-01
     15     4        -1.23529e+00       1.62453e-01      -7.80385e-01
     16     1        -7.30980e-01       1.16889e-01      -7.68709e-01
     16     2        -6.83893e-01       3.05235e-01      -6.53413e-01
     16     3        -3.76436e-01       3.82099e-01      -5.82783e-01
     16     4        -4.23522e-01       1.93754e-01      -6.98080e-01
     17     1        -8.50994e+00      -1.90340e+00      -2.00451e+00
     17     2        -8.34668e+00      -1.25038e+00       3.48034e-01
     17     3        -2.07323e+00       3.17983e-01       5.92917e-01
     17     4        -2.23649e+00      -3.35038e-01      -1.75963e+00
     18     1        -8.77796e+00      -1.06330e+00      -2.73545e+00
     18     2        -8.72637e+00      -8.56911e-01      -2.42917e-01
     18     3        -2.07963e+00       8.04774e-01      -1.65523e-01
     18     4        -2.13122e+00       5.98389e-01      -2.65805e+00
     19     1        -7.96389e+00      -6.40528e-01      -2.50812e+00
     19     2        -7.99672e+00      -7.71835e-01      -2.23018e-01
     19     3        -1.90312e+00       7.51564e-01      -2.72258e-01
     19     4        -1.87029e+00       8.82871e-01      -2.55736e+00
     20     1        -7.35446e+00      -6.74817e-01      -2.40775e+00
     20     2        -7.36793e+00      -7.28696e-01      -3.03611e-01
     20     3        -1.75690e+00       6.74061e-01      -3.23816e-01
     20     4        -1.74343e+00       7.27939e-01      -2.42795e+00
     21     1        -6.76279e+00      -6.15628e-01      -2.32086e+00
     21     2        -6.77716e+00      -6.73118e-01      -3.85639e-01
     21     3        -1.61659e+00       6.17026e-01      -4.07198e-01
     21     4        -1.60222e+00       6.74516e-01      -2.34241e+00
     22     1        -6.17502e+00      -5.61428e-01      -2.23738e+00
     22     2        -6.18895e+00      -6.17143e-01      -4.70311e-01
     22     3        -1.47676e+00       5.60906e-01      -4.91204e-01
     22     4        -1.46283e+00       6.16620e-01      -2.25828e+00
     23     1        -5.58627e+00      -5.04854e-01      -2.15325e+00
     23     2        -5.60031e+00      -5.60987e-01      -5.54437e-01
     23     3        -1.33680e+00       5.04890e-01      -5.75487e-01
     23     4        -1.32276e+00       5.61024e-01      -2.17430e+00
     24     1        -4.99752e+00      -4.48800e-01      -2.06912e+00
     24     2        -5.01154e+00      -5.04890e-01      -6.38597e-01
     24     3        -1.19682e+00       4.48790e-01      -6.59631e-01
     24     4        -1.18280e+00       5.04881e-01      -2.09015e+00
     25     1        -4.40874e+00      -3.92689e-01      -1.98497e+00
     25     2        -4.42277e+00      -4.48790e-01      -7.22743e-01
     25     3        -1.05684e+00       3.92692e-01      -7.43780e-01
     25     4        -1.04282e+00       4.48793e-01      -2.00600e+00
     26     1        -3.81998e+00      -3.36593e-01      -1.90082e+00
     26     2        -3.83400e+00      -3.92691e-01      -8.06892e-01
     26     3        -9.16864e-01       3.36593e-01      -8.27928e-01
     26     4        -9.02839e-01       3.92691e-01      -1.92185e+00
     27     1        -3.23123e+00      -2.80485e-01      -1.81667e+00
     27     2        -3.24525e+00      -3.36544e-01      -8.91028e-01
     27     3        -7.76880e-01       2.80547e-01      -9.12050e-01
     27     4        -7.62865e-01       3.36606e-01      -1.83769e+00
     28     1        -2.64265e+00      -2.24364e-01      -1.73244e+00
     28     2        -2.65666e+00      -2.80408e-01      -9.75045e-01
     28     3        -6.36936e-01       2.24524e-01      -9.96062e-01
     28     4        -6.22925e-01       2.80568e-01      -1.75346e+00
     29     1        -2.05400e+00      -1.68438e-01      -1.64825e+00
     29     2        -2.06818e+00      -2.25162e-01      -1.05913e+00
     29     3        -4.97188e-01       1.67586e-01      -1.08040e+00
     29     4        -4.83006e-01       2.24310e-01      -1.66953e+00
     30     1        -1.45700e+00      -1.14967e-01      -1.56625e+00
     30     2        -1.47385e+00      -1.82391e-01      -1.14803e+00
     30     3        -3.58594e-01       9.64238e-02      -1.17331e+00
     30     4        -3.41738e-01       1.63847e-01      -1.59153e+00
     31     1        -8.12924e-01      -6.40847e-02      -1.50294e+00
     31     2        -8.30256e-01      -1.33412e-01      -1.26959e+00
     31     3        -2.07991e-01       2.21538e-02      -1.29559e+00
     31     4        -1.90659e-01       9.14815e-02      -1.52893e+00
     32     1        -2.71712e-01       6.92148e-02      -1.41399e+00
     32     2        -2.08488e-01       3.22110e-01      -1.32936e+00
     32     3         1.71911e-02       3.78530e-01      -1.23452e+00
     32     4        -4.60328e-02       1.25634e-01      -1.31915e+00
     33     1         2.23649e+00       3.35038e-01      -1.75963e+00
     33     2         2.07323e+00      -3.17983e-01       5.92917e-01
     33     3         8.34668e+00       1.25038e+00       3.48034e-01
     33     4         8.50994e+00       1.90340e+00      -2.00451e+00
     34     1         2.13122e+00      -5.98389e-01      -2.65805e+00
     34     2         2.07963e+00      -8.04774e-01      -1.65523e-01
     34     3         8.72637e+00       8.56911e-01      -2.42917e-01
     34     4         8.77796e+00       1.06330e+00      -2.73545e+00
     35     1         1.87029e+00      -8.82871e-01      -2.55736e+00
     35     2         1.90312e+00      -7.51564e-01      -2.72258e-01
     35     3         7.99672e+00       7.71835e-01      -2.23018e-01
     35     4         7.96389e+00       6.40528e-01      -2.50812e+00
     36     1         1.74343e+00      -7.27939e-01      -2.42795e+00
     36     2         1.75690e+00      -6.74061e-01      -3.23816e-01
     36     3         7.36793e+00       7.28696e-01      -3.03611e-01
     36     4         7.35446e+00       6.74817e-01      -2.40775e+00
     37     1         1.60222e+00      -6.74516e-01      -2.34241e+00
     37     2         1.61659e+00      -6.17026e-01      -4.07198e-01
     37     3         6.77716e+00       6.73118e-01      -3.85639e-01
     37     4         6.76279e+00       6.15628e-01      -2.32086e+00
     38     1         1.46283e+00      -6.16620e-01      -2.25828e+00
     38     2         1.47676e+00      -5.60906e-01      -4.91204e-01
     38     3         6.18895e+00       6.17143e-01      -4.70311e-01
     38     4         6.17502e+00       5.61428e-01      -2.23738e+00
     39     1         1.32276e+00      -5.61024e-01      -2.17430e+00
     39     2         1.33680e+00      -5.04890e-01      -5.75487e-01
     39     3         5.60031e+00       5.60987e-01      -5.54437e-01
     39     4         5.58627e+00       5.04854e-01      -2.15325e+00
     40     1         1.18280e+00      -5.04881e-01      -2.09015e+00
     40     2         1.19682e+00      -4.48790e-01      -6.59631e-01
     40     3         5.01154e+00       5.04890e-01      -6.38597e-01
     40     4         4.99752e+00       4.48800e-01      -2.06912e+00
     41     1         1.04282e+00      -4.48793e-01      -2.00600e+00
     41     2         1.05684e+00      -3.92692e-01      -7.43780e-01
     41     3         4.42277e+00       4.48790e-01      -7.22743e-01
     41     4         4.40874e+00       3.92689e-01      -1.98497e+00
     42     1         9.02839e-01      -3.92691e-01      -1.92185e+00
     42     2         9.16864e-01      -3.36593e-01      -8.27928e-01
     42     3         3.83400e+00       3.92691e-01      -8.06892e-01
     42     4         3.81998e+00       3.36593e-01      -1.90082e+00
     43     1         7.62865e-01      -3.36606e-01      -1.83769e+00
     43     2         7.76880e-01      -2.80547e-01      -9.12050e-01
     43     3         3.24525e+00       3.36544e-01      -8.91028e-01
     43     4         3.23123e+00       2.80485e-01      -1.81667e+00
     44     1         6.22925e-01      -2.80568e-01      -1.75346e+00
     44     2         6.36936e-01      -2.24524e-01      -9.96062e-01
     44     3         2.65666e+00       2.80408e-01      -9.75045e-01
     44     4         2.64265e+00       2.24364e-01      -1.73244e+00
     45     1         4.83006e-01      -2.24310e-01      -1.66953e+00
     45     2         4.97188e-01      -1.67586e-01      -1.08040e+00
     45     3         2.06818e+00       2.25162e-01      -1.05913e+00
     45     4         2.05400e+00       1.68438e-01      -1.64825e+00
     46     1         3.41738e-01      -1.63847e-01      -1.59153e+00
     46     2         3.58594e-01      -9.64238e-02      -1.17331e+00
     46     3         1.47385e+00       1.82391e-01      -1.14803e+00
     46     4         1.45700e+00       1.14967e-01      -1.56625e+00
     47     1         1.90659e-01      -9.14815e-02      -1.52893e+00
     47     2         2.07991e-01      -2.21538e-02      -1.29559e+00
     47     3         8.30256e-01       1.33412e-01      -1.26959e+00
     47     4         8.12924e-01       6.40847e-02      -1.50294e+00
     48     1         4.60328e-02      -1.25634e-01      -1.31915e+00
     48     2        -1.71911e-02      -3.78530e-01      -1.23452e+00
     48     3         2.08488e-01      -3.22110e-01      -1.32936e+00
     48     4         2.71712e-01      -6.92148e-02      -1.41399e+00
     49     1         1.34756e+01       2.44690e+00      -2.25320e+00
     49     2         1.28039e+01      -2.40011e-01       6.72384e-01
     49     3         2.06055e+01       1.71038e+00      -3.35207e-01
     49     4         2.12772e+01       4.39729e+00      -3.26079e+00
     50     1         1.26612e+01      -1.08141e+00      -1.78161e+00
     50     2         1.27459e+01      -7.42523e-01       5.55497e-01
     50     3         1.89782e+01       8.15550e-01       6.82579e-01
     50     4         1.88935e+01       4.76666e-01      -1.65453e+00
     51     1         1.17436e+01      -8.25863e-01      -1.76067e+00
     51     2         1.17807e+01      -6.77332e-01       4.85347e-01
     51     3         1.77701e+01       8.20013e-01       5.41046e-01
     51     4         1.77329e+01       6.71482e-01      -1.70497e+00
     52     1         1.08360e+01      -8.00325e-01      -1.72001e+00
     52     2         1.08813e+01      -6.19058e-01       3.83600e-01
     52     3         1.64910e+01       7.83350e-01       4.51575e-01
     52     4         1.64457e+01       6.02083e-01      -1.65204e+00
     53     1         9.96915e+00      -7.27661e-01      -1.63513e+00
     53     2         1.00109e+01      -5.60836e-01       3.00621e-01
     53     3         1.51728e+01       7.29662e-01       3.63180e-01
     53     4         1.51311e+01       5.62837e-01      -1.57257e+00
     54     1         9.10040e+00      -6.73384e-01      -1.55090e+00
     54     2         9.14252e+00      -5.04887e-01       2.16299e-01
     54     3         1.38550e+01       6.73244e-01       2.79485e-01
     54     4         1.38129e+01       5.04747e-01      -1.48771e+00
     55     1         8.23184e+00      -6.17012e-01      -1.46658e+00
     55     2         8.27390e+00      -4.48782e-01       1.32234e-01
     55     3         1.25374e+01       6.17093e-01       1.95320e-01
     55     4         1.24953e+01       4.48864e-01      -1.40349e+00
     56     1         7.36310e+00      -5.60999e-01      -1.38244e+00
     56     2         7.40518e+00      -3.92693e-01       4.80757e-02
     56     3         1.12199e+01       5.60987e-01       1.11191e-01
     56     4         1.11778e+01       3.92680e-01      -1.31933e+00
     57     1         6.49438e+00      -5.04888e-01      -1.29829e+00
     57     2         6.53645e+00      -3.36592e-01      -3.60706e-02
     57     3         9.90238e+00       5.04890e-01       2.70402e-02
     57     4         9.86031e+00       3.36595e-01      -1.23518e+00
     58     1         5.62566e+00      -4.48791e-01      -1.21415e+00
     58     2         5.66773e+00      -2.80498e-01      -1.20218e-01
     58     3         8.58487e+00       4.48787e-01      -5.71078e-02
     58     4         8.54280e+00       2.80494e-01      -1.15104e+00
     59     1         4.75695e+00      -3.92698e-01      -1.13000e+00
     59     2         4.79902e+00      -2.24418e-01      -2.04385e-01
     59     3         7.26734e+00       3.92662e-01      -1.41280e-01
     59     4         7.22527e+00       2.24381e-01      -1.06690e+00
     60     1         3.88837e+00      -3.36622e-01      -1.04589e+00
     60     2         3.93042e+00      -1.68433e-01      -2.88677e-01
     60     3         5.94965e+00       3.36375e-01      -2.25606e-01
     60     4         5.90760e+00       1.68186e-01      -9.82818e-01
     61     1         3.01967e+00      -2.80277e-01      -9.61821e-01
     61     2         3.06202e+00      -1.10879e-01      -3.73046e-01
     61     3         4.63209e+00       2.81638e-01      -3.09522e-01
     61     4         4.58974e+00       1.12239e-01      -8.98296e-01
     62     1         2.14445e+00      -2.22194e-01      -8.75555e-01
     62     2         2.18813e+00      -4.74980e-02      -4.50396e-01
     62     3         3.32189e+00       2.35942e-01      -3.84885e-01
     62     4         3.27821e+00       6.12453e-02      -8.10044e-01
     63     1         1.23529e+00      -1.62453e-01      -7.80385e-01
     63     2         1.28141e+00       2.20403e-02      -4.90277e-01
     63     3         2.05503e+00       2.15446e-01      -4.21092e-01
     63     4         2.00891e+00       3.09526e-02      -7.11200e-01
     64     1         4.23522e-01      -1.93754e-01      -6.98080e-01
     64     2         3.76436e-01      -3.82099e-01      -5.82783e-01
     64     3         6.83893e-01      -3.05235e-01      -6.53413e-01
     64     4         7.30980e-01      -1.16889e-01      -7.68709e-01


 S O L U T I O N   T I M E   L O G   I N   S E C 

     TIME FOR INPUT PHASE = 1.13700e-03
     TIME FOR CALCULATION OF STIFFNESS MATRIX = 2.80000e-04
     TIME FOR FACTORIZATION AND LOAD CASE SOLUTIONS = 1.69600e-03

     T O T A L   S O L U T I O N   T I M E = 3.11300e-03

