TITLE : Q4 invalid reversed node order
        (17:39:50 on June 10, 2026, Wednesday)

C O N T R O L   I N F O R M A T I O N

      NUMBER OF NODAL POINTS . . . . . . . . . . (NUMNP)  =     4
      NUMBER OF ELEMENT GROUPS . . . . . . . . . (NUMEG)  =     1
      NUMBER OF LOAD CASES . . . . . . . . . . . (NLCASE) =     1
      SOLUTION MODE  . . . . . . . . . . . . . . (MODEX)  =     1
         EQ.0, DATA CHECK
         EQ.1, EXECUTION

 N O D A L   P O I N T   D A T A

    NODE       BOUNDARY                         NODAL POINT
   NUMBER  CONDITION  CODES                     COORDINATES
        1    1    1    1       0.00000e+00    0.00000e+00    0.00000e+00
        2    0    0    1       1.00000e+00    0.00000e+00    0.00000e+00
        3    1    0    1       0.00000e+00    1.00000e+00    0.00000e+00
        4    0    0    1       1.00000e+00    1.00000e+00    0.00000e+00

 EQUATION NUMBERS

   NODE NUMBER   DEGREES OF FREEDOM
        N           X    Y    Z
        1           0    0    0
        2           1    2    0
        3           0    3    0
        4           4    5    0

 L O A D   C A S E   D A T A

     LOAD CASE NUMBER . . . . . . . =     1
     NUMBER OF CONCENTRATED LOADS . =     2

    NODE       DIRECTION      LOAD
   NUMBER                   MAGNITUDE
      2            1        5.00000e-01
      4            1        5.00000e-01

 E L E M E N T   G R O U P   D A T A


 E L E M E N T   D E F I N I T I O N

 ELEMENT TYPE  . . . . . . . . . . . . .( NPAR(1) ) . . =    2
     EQ.1, TRUSS ELEMENTS
     EQ.2, Q4 PLANE STRESS/STRAIN ELEMENTS
     EQ.3+, NOT AVAILABLE

 NUMBER OF ELEMENTS. . . . . . . . . . .( NPAR(2) ) . . =    1

 M A T E R I A L   D E F I N I T I O N

 NUMBER OF DIFFERENT SETS OF MATERIAL
 AND PLANE Q4 CONSTANTS . . . . . . . .( NPAR(3) ) . . =    1

  SET       YOUNG'S        POISSON      THICKNESS   ANALYSIS
 NUMBER     MODULUS         RATIO                    TYPE
               E             NU            T       0=PS 1=PE
    1     1.00000e+03     2.50000e-01     1.00000e+00         0


 E L E M E N T   I N F O R M A T I O N
 ELEMENT     NODE     NODE     NODE     NODE       MATERIAL
 NUMBER-N      I        J        K        L       SET NUMBER
    1          1        4        3        2           1

	TOTAL SYSTEM DATA

     NUMBER OF EQUATIONS . . . . . . . . . . . . . .(NEQ) = 5
     NUMBER OF MATRIX ELEMENTS . . . . . . . . . . .(NWK) = 15
     MAXIMUM HALF BANDWIDTH  . . . . . . . . . . . .(MK ) = 5
     MEAN HALF BANDWIDTH . . . . . . . . . . . . . .(MM ) = 3


