TITLE : STAP90 input data for exercise 2.10(b)
        (11:29:7 on March 16, 2026, Monday)

C O N T R O L   I N F O R M A T I O N

      NUMBER OF NODAL POINTS . . . . . . . . . . (NUMNP)  =     8
      NUMBER OF ELEMENT GROUPS . . . . . . . . . (NUMEG)  =     1
      NUMBER OF LOAD CASES . . . . . . . . . . . (NLCASE) =     1
      SOLUTION MODE  . . . . . . . . . . . . . . (MODEX)  =     1
         EQ.0, DATA CHECK
         EQ.1, EXECUTION

 N O D A L   P O I N T   D A T A

    NODE       BOUNDARY                         NODAL POINT
   NUMBER  CONDITION  CODES                     COORDINATES
        1    1    1    1       0.00000e+00    1.00000e+01    0.00000e+00
        2    1    0    1       0.00000e+00    0.00000e+00    0.00000e+00
        3    0    0    1       1.00000e+01    1.00000e+01    0.00000e+00
        4    0    0    1       1.00000e+01    0.00000e+00    0.00000e+00
        5    0    0    1       2.00000e+01    1.00000e+01    0.00000e+00
        6    0    0    1       2.00000e+01    0.00000e+00    0.00000e+00
        7    0    0    1       3.00000e+01    1.00000e+01    0.00000e+00
        8    0    0    1       3.00000e+01    0.00000e+00    0.00000e+00

 EQUATION NUMBERS

   NODE NUMBER   DEGREES OF FREEDOM
        N           X    Y    Z
        1           0    0    0
        2           0    1    0
        3           2    3    0
        4           4    5    0
        5           6    7    0
        6           8    9    0
        7          10   11    0
        8          12   13    0

 L O A D   C A S E   D A T A

     LOAD CASE NUMBER . . . . . . . =     1
     NUMBER OF CONCENTRATED LOADS . =     1

    NODE       DIRECTION      LOAD
   NUMBER                   MAGNITUDE
      7            2       -1.00000e+00

 E L E M E N T   G R O U P   D A T A


 E L E M E N T   D E F I N I T I O N

 ELEMENT TYPE  . . . . . . . . . . . . .( NPAR(1) ) . . =    1
     EQ.1, TRUSS ELEMENTS
     EQ.2, ELEMENTS CURRENTLY
     EQ.3, NOT AVAILABLE

 NUMBER OF ELEMENTS. . . . . . . . . . .( NPAR(2) ) . . =   16

 M A T E R I A L   D E F I N I T I O N

 NUMBER OF DIFFERENT SETS OF MATERIAL
 AND CROSS-SECTIONAL  CONSTANTS  . . . .( NPAR(3) ) . . =    1

  SET       YOUNG'S     CROSS-SECTIONAL
 NUMBER     MODULUS          AREA
               E              A
    1     1.50000e+11     1.00000e-02


 E L E M E N T   I N F O R M A T I O N
 ELEMENT     NODE     NODE       MATERIAL
 NUMBER-N      I        J       SET NUMBER
    1          1        3           1
    2          3        5           1
    3          5        7           1
    4          2        4           1
    5          4        6           1
    6          6        8           1
    7          1        2           1
    8          3        4           1
    9          5        6           1
   10          7        8           1
   11          1        4           1
   12          2        3           1
   13          3        6           1
   14          4        5           1
   15          5        8           1
   16          6        7           1

	TOTAL SYSTEM DATA

     NUMBER OF EQUATIONS . . . . . . . . . . . . . .(NEQ) = 13
     NUMBER OF MATRIX ELEMENTS . . . . . . . . . . .(NWK) = 67
     MAXIMUM HALF BANDWIDTH  . . . . . . . . . . . .(MK ) = 8
     MEAN HALF BANDWIDTH . . . . . . . . . . . . . .(MM ) = 5


 LOAD CASE    1


 D I S P L A C E M E N T S

  NODE           X-DISPLACEMENT    Y-DISPLACEMENT    Z-DISPLACEMENT
    1               0.00000e+00       0.00000e+00       0.00000e+00
    2               0.00000e+00      -2.98816e-09       0.00000e+00
    3               1.63215e-08      -2.77614e-08       0.00000e+00
    4              -1.70118e-08      -2.74162e-08       0.00000e+00
    5               2.63215e-08      -8.01777e-08       0.00000e+00
    6              -2.70118e-08      -8.05228e-08       0.00000e+00
    7               3.00000e-08      -1.47939e-07       0.00000e+00
    8              -3.00000e-08      -1.44951e-07       0.00000e+00

 S T R E S S  C A L C U L A T I O N S  F O R  E L E M E N T  G R O U P    1

  ELEMENT             FORCE            STRESS
  NUMBER
    1           2.44822e+00       2.44822e+02
    2           1.50000e+00       1.50000e+02
    3           5.51777e-01       5.51777e+01
    4          -2.55178e+00      -2.55178e+02
    5          -1.50000e+00      -1.50000e+02
    6          -4.48223e-01      -4.48223e+01
    7           4.48223e-01       4.48223e+01
    8          -5.17767e-02      -5.17767e+00
    9           5.17767e-02       5.17767e+00
   10          -4.48223e-01      -4.48223e+01
   11           7.80330e-01       7.80330e+01
   12          -6.33883e-01      -6.33883e+01
   13           7.07107e-01       7.07107e+01
   14          -7.07107e-01      -7.07107e+01
   15           6.33883e-01       6.33883e+01
   16          -7.80330e-01      -7.80330e+01


 S O L U T I O N   T I M E   L O G   I N   S E C 

     TIME FOR INPUT PHASE = 2.19600e-03
     TIME FOR CALCULATION OF STIFFNESS MATRIX = 6.50000e-05
     TIME FOR FACTORIZATION AND LOAD CASE SOLUTIONS = 2.67000e-04

     T O T A L   S O L U T I O N   T I M E = 2.52800e-03

